<?xml version="1.0" encoding="UTF-8" ?>
<testsuite failures="0" time="0.045" errors="0" skipped="1" tests="4" name="basecamp.datafixtures.PrimitiveDataFixturesTest">
  <properties>
[...]
</properties>
  <testcase time="0.006" classname="basecamp.datafixtures.PrimitiveDataFixturesTest" name="someStringReturnsAStringWithLenghtBetween8And12"/>
  <testcase time="0.008" classname="basecamp.datafixtures.PrimitiveDataFixturesTest" name="someStringOfLengthShouldAlwaysReturnTheRequestedSizeString">
    <skipped/>
  </testcase>
  <testcase time="0.005" classname="basecamp.datafixtures.PrimitiveDataFixturesTest" name="someStringShouldReturnJustUpperCaseLetters"/>
  <testcase time="0.001" classname="basecamp.datafixtures.PrimitiveDataFixturesTest" name="someStringShouldNotRepeatAString"/>
</testsuite>